================================================================================
🤖 AI 加密货币短线交易信号监控
   标的: BTC, ETH
   数据源: Binance 公开 API (1H K线)
   信号逻辑: 多时间框架分析 (1H + 4H + 日线)
   邮件通知: 已配置
   日志文件: /home/runner/work/investment-tracker/investment-tracker/logs/monitor.log
================================================================================

════════════════════════════════════════════════════════════════════════════════
🔍 检测时间: 2026-07-20 16:56:12
════════════════════════════════════════════════════════════════════════════════

  📡 获取 BTC (BTCUSDT) 1H K线数据...
    ⚠️ Binance 不可用，尝试 CoinGecko 备选...
    ✓ CoinGecko 备选成功
    ✓ 361 根 1H K线 (数据源: CoinGecko)
    1H: 72 根, 4H: 84 根, 1D: 14 根
[2026-07-20 16:56:19] 🟡 BTC  | 观望 WAIT      | 评分  64/100 | $65,347.31 | R:R 2.0:1 | 止损 0.00% | 止盈 0.00% | ATR 1.11% | 1H: 多头 / 4H: 多头 / 日线: 多头
    🔇 WAIT 信号，不通知

  📡 获取 ETH (ETHUSDT) 1H K线数据...
    ⚠️ Binance 不可用，尝试 CoinGecko 备选...
    ✓ CoinGecko 备选成功
    ✓ 361 根 1H K线 (数据源: CoinGecko)
    1H: 72 根, 4H: 84 根, 1D: 14 根
[2026-07-20 16:56:27] 🟡 ETH  | 观望 WAIT      | 评分  64/100 | $1,895.91 | R:R 2.0:1 | 止损 0.00% | 止盈 0.00% | ATR 1.32% | 1H: 多头 / 4H: 多头 / 日线: 多头
    🔇 WAIT 信号，不通知

────────────────────────────────────────────────────────────────────────────────
📊 检测汇总:
  🟡 BTC: 观望 WAIT | 评分 64/100 | $65,347.31 | R:R 2.0:1 | 置信度 中
  🟡 ETH: 观望 WAIT | 评分 64/100 | $1,895.91 | R:R 2.0:1 | 置信度 中
════════════════════════════════════════════════════════════════════════════════

💡 提示：
   python scripts/monitor_crypto.py --loop    持续监控模式
   python scripts/monitor_crypto.py --once    单次检测（默认）
